chat/JG_Demo/demo/build/intermediates/manifest_merge_blame_file/debug/manifest-merger-blame-debug-report.txt
1<?xml version="1.0" encoding="utf-8"?>
2<manifest xmlns:android="http://schemas.android.com/apk/res/android"
3    package="com.hypech.jg_demo"
4    android:versionCode="3"
5    android:versionName="1.0.2" >
6
7    <uses-sdk
8        android:minSdkVersion="9"
8-->JG_Demo\demo\AndroidManifest.xml
9        android:targetSdkVersion="23" />
9-->JG_Demo\demo\AndroidManifest.xml
10
11    <permission
11-->JG_Demo\demo\AndroidManifest.xml:5:5-6:47
12        android:name="com.hypech.jg_demo.permission.JPUSH_MESSAGE"
12-->JG_Demo\demo\AndroidManifest.xml:5:17-75
13        android:protectionLevel="signature" />
13-->JG_Demo\demo\AndroidManifest.xml:6:9-44
14
15    <!-- Required -->
16    <uses-permission android:name="com.hypech.jg_demo.permission.JPUSH_MESSAGE" />
16-->JG_Demo\demo\AndroidManifest.xml:9:5-83
16-->JG_Demo\demo\AndroidManifest.xml:9:22-80
17    <uses-permission android:name="android.permission.RECEIVE_USER_PRESENT" />
17-->JG_Demo\demo\AndroidManifest.xml:10:5-79
17-->JG_Demo\demo\AndroidManifest.xml:10:22-76
18    <uses-permission android:name="android.permission.INTERNET" />
18-->JG_Demo\demo\AndroidManifest.xml:11:5-67
18-->JG_Demo\demo\AndroidManifest.xml:11:22-64
19    <uses-permission android:name="android.permission.WAKE_LOCK" />
19-->JG_Demo\demo\AndroidManifest.xml:12:5-68
19-->JG_Demo\demo\AndroidManifest.xml:12:22-65
20    <uses-permission android:name="android.permission.READ_PHONE_STATE" />
20-->JG_Demo\demo\AndroidManifest.xml:13:5-75
20-->JG_Demo\demo\AndroidManifest.xml:13:22-72
21    <uses-permission android:name="android.permission.WRITE_EXTERNAL_STORAGE" />
21-->JG_Demo\demo\AndroidManifest.xml:14:5-81
21-->JG_Demo\demo\AndroidManifest.xml:14:22-78
22    <uses-permission android:name="android.permission.READ_EXTERNAL_STORAGE" />
22-->JG_Demo\demo\AndroidManifest.xml:15:5-80
22-->JG_Demo\demo\AndroidManifest.xml:15:22-77
23    <uses-permission android:name="android.permission.VIBRATE" />
23-->JG_Demo\demo\AndroidManifest.xml:16:5-66
23-->JG_Demo\demo\AndroidManifest.xml:16:22-63
24    <uses-permission android:name="android.permission.MOUNT_UNMOUNT_FILESYSTEMS" />
24-->JG_Demo\demo\AndroidManifest.xml:17:5-84
24-->JG_Demo\demo\AndroidManifest.xml:17:22-81
25    <uses-permission android:name="android.permission.ACCESS_NETWORK_STATE" />
25-->JG_Demo\demo\AndroidManifest.xml:18:5-79
25-->JG_Demo\demo\AndroidManifest.xml:18:22-76
26    <uses-permission android:name="android.permission.WRITE_SETTINGS" />
26-->JG_Demo\demo\AndroidManifest.xml:19:5-73
26-->JG_Demo\demo\AndroidManifest.xml:19:22-70
27    <uses-permission android:name="android.permission.ACCESS_WIFI_STATE" />
27-->JG_Demo\demo\AndroidManifest.xml:20:5-76
27-->JG_Demo\demo\AndroidManifest.xml:20:22-73
28
29    <!-- Required for jmrtc -->
30    <uses-permission android:name="android.permission.RECORD_AUDIO" />
30-->JG_Demo\demo\AndroidManifest.xml:23:5-71
30-->JG_Demo\demo\AndroidManifest.xml:23:22-68
31    <uses-permission android:name="android.permission.CAMERA" />
31-->JG_Demo\demo\AndroidManifest.xml:24:5-65
31-->JG_Demo\demo\AndroidManifest.xml:24:22-62
32    <uses-permission android:name="android.permission.MODIFY_AUDIO_SETTINGS" />
32-->JG_Demo\demo\AndroidManifest.xml:25:5-80
32-->JG_Demo\demo\AndroidManifest.xml:25:22-77
33
34    <!-- Optional. Required for location feature -->
35    <uses-permission android:name="android.permission.SYSTEM_ALERT_WINDOW" />
35-->JG_Demo\demo\AndroidManifest.xml:28:5-78
35-->JG_Demo\demo\AndroidManifest.xml:28:22-75
36    <uses-permission android:name="android.permission.ACCESS_COARSE_LOCATION" />
36-->JG_Demo\demo\AndroidManifest.xml:29:5-81
36-->JG_Demo\demo\AndroidManifest.xml:29:22-78
37    <uses-permission android:name="android.permission.ACCESS_FINE_LOCATION" />
37-->JG_Demo\demo\AndroidManifest.xml:30:5-79
37-->JG_Demo\demo\AndroidManifest.xml:30:22-76
38    <uses-permission android:name="android.permission.ACCESS_LOCATION_EXTRA_COMMANDS" />
38-->JG_Demo\demo\AndroidManifest.xml:31:5-89
38-->JG_Demo\demo\AndroidManifest.xml:31:22-86
39    <uses-permission android:name="android.permission.CHANGE_WIFI_STATE" />
39-->JG_Demo\demo\AndroidManifest.xml:32:5-76
39-->JG_Demo\demo\AndroidManifest.xml:32:22-73
40    <uses-permission android:name="android.permission.CHANGE_NETWORK_STATE" />
40-->JG_Demo\demo\AndroidManifest.xml:33:5-79
40-->JG_Demo\demo\AndroidManifest.xml:33:22-76
41    <uses-permission android:name="android.permission.GET_TASKS" />
41-->JG_Demo\demo\AndroidManifest.xml:34:5-68
41-->JG_Demo\demo\AndroidManifest.xml:34:22-65
42
43    <application
43-->JG_Demo\demo\AndroidManifest.xml:36:5-210:19
44        android:name="com.hypech.jg_demo.Your Application Name"
44-->JG_Demo\demo\AndroidManifest.xml:37:9-45
45        android:debuggable="true"
46        android:icon="@mipmap/ic_launcher"
46-->JG_Demo\demo\AndroidManifest.xml:38:9-43
47        android:label="@string/app_name"
47-->JG_Demo\demo\AndroidManifest.xml:39:9-41
48        android:testOnly="true" >
49
50        <!-- Required SDK 核心功能 -->
51        <!-- 可配置android:process参数将PushService放在其他进程中 -->
52        <service
52-->JG_Demo\demo\AndroidManifest.xml:43:9-50:19
53            android:name="im.sdk.debug.PushService"
53-->JG_Demo\demo\AndroidManifest.xml:44:13-52
54            android:enabled="true"
54-->JG_Demo\demo\AndroidManifest.xml:45:13-35
55            android:exported="false"
55-->JG_Demo\demo\AndroidManifest.xml:46:13-37
56            android:process=":pushcore" >
56-->JG_Demo\demo\AndroidManifest.xml:46:38-65
57            <intent-filter>
57-->JG_Demo\demo\AndroidManifest.xml:47:13-49:29
58                <action android:name="cn.jiguang.user.service.action" />
58-->JG_Demo\demo\AndroidManifest.xml:48:17-73
58-->JG_Demo\demo\AndroidManifest.xml:48:25-70
59            </intent-filter>
60        </service>
61
62        <!-- Required SDK核心功能 -->
63        <receiver
63-->JG_Demo\demo\AndroidManifest.xml:53:9-72:20
64            android:name="cn.jpush.android.service.PushReceiver"
64-->JG_Demo\demo\AndroidManifest.xml:54:13-65
65            android:enabled="true"
65-->JG_Demo\demo\AndroidManifest.xml:55:13-35
66            android:exported="false" >
66-->JG_Demo\demo\AndroidManifest.xml:55:36-60
67            <intent-filter android:priority="1000" >
67-->JG_Demo\demo\AndroidManifest.xml:56:13-60:29
67-->JG_Demo\demo\AndroidManifest.xml:56:28-51
68                <action android:name="cn.jpush.android.intent.NOTIFICATION_RECEIVED_PROXY" />
68-->JG_Demo\demo\AndroidManifest.xml:57:17-94
68-->JG_Demo\demo\AndroidManifest.xml:57:25-91
69                <!-- Required 显示通知栏 -->
70                <category android:name="com.hypech.jg_demo" />
70-->JG_Demo\demo\AndroidManifest.xml:59:17-63
70-->JG_Demo\demo\AndroidManifest.xml:59:27-60
71            </intent-filter>
72            <intent-filter>
72-->JG_Demo\demo\AndroidManifest.xml:61:13-64:29
73                <action android:name="android.intent.action.USER_PRESENT" />
73-->JG_Demo\demo\AndroidManifest.xml:62:17-77
73-->JG_Demo\demo\AndroidManifest.xml:62:25-74
74                <action android:name="android.net.conn.CONNECTIVITY_CHANGE" />
74-->JG_Demo\demo\AndroidManifest.xml:63:17-79
74-->JG_Demo\demo\AndroidManifest.xml:63:25-76
75            </intent-filter>
76            <!-- Optional -->
77            <intent-filter>
77-->JG_Demo\demo\AndroidManifest.xml:66:13-71:29
78                <action android:name="android.intent.action.PACKAGE_ADDED" />
78-->JG_Demo\demo\AndroidManifest.xml:67:17-78
78-->JG_Demo\demo\AndroidManifest.xml:67:25-75
79                <action android:name="android.intent.action.PACKAGE_REMOVED" />
79-->JG_Demo\demo\AndroidManifest.xml:68:17-80
79-->JG_Demo\demo\AndroidManifest.xml:68:25-77
80
81                <data android:scheme="package" />
81-->JG_Demo\demo\AndroidManifest.xml:70:17-50
81-->JG_Demo\demo\AndroidManifest.xml:70:23-47
82            </intent-filter>
83        </receiver>
84
85        <!-- Required SDK核心功能 -->
86        <receiver
86-->JG_Demo\demo\AndroidManifest.xml:75:9-78:39
87            android:name="cn.jpush.im.android.helpers.IMReceiver"
87-->JG_Demo\demo\AndroidManifest.xml:76:13-66
88            android:enabled="true"
88-->JG_Demo\demo\AndroidManifest.xml:77:13-35
89            android:exported="false" />
89-->JG_Demo\demo\AndroidManifest.xml:78:13-37
90
91        <!-- Required SDK核心功能 -->
92        <receiver
92-->JG_Demo\demo\AndroidManifest.xml:81:9-83:40
93            android:name="cn.jpush.android.service.AlarmReceiver"
93-->JG_Demo\demo\AndroidManifest.xml:82:13-66
94            android:exported="false" />
94-->JG_Demo\demo\AndroidManifest.xml:83:13-37
95
96        <!-- Required since JCore 1.1.7. SDK 核心功能 -->
97        <provider
97-->JG_Demo\demo\AndroidManifest.xml:87:9-90:40
98            android:name="cn.jpush.android.service.DataProvider"
98-->JG_Demo\demo\AndroidManifest.xml:88:13-65
99            android:authorities="com.hypech.jg_demo.DataProvider"
99-->JG_Demo\demo\AndroidManifest.xml:89:13-66
100            android:exported="false" />
100-->JG_Demo\demo\AndroidManifest.xml:90:13-37
101
102        <!-- since JCore 1.8.0 option 可选项可选项。用于同一设备中不同应用的 JMessage服务相互拉起的功能。 -->
103        <!-- 若不启用该功能可删除该组件，或把 enabled 设置成 false ；拉起服务被关闭，App 不会通过拉起服务拉起其他的 App，也不会被其他 App 拉起。 -->
104        <service
104-->JG_Demo\demo\AndroidManifest.xml:94:9-102:19
105            android:name="cn.jpush.android.service.DaemonService"
105-->JG_Demo\demo\AndroidManifest.xml:95:13-66
106            android:enabled="true"
106-->JG_Demo\demo\AndroidManifest.xml:96:13-35
107            android:exported="true" >
107-->JG_Demo\demo\AndroidManifest.xml:97:13-36
108            <intent-filter>
108-->JG_Demo\demo\AndroidManifest.xml:98:13-101:29
109                <action android:name="cn.jpush.android.intent.DaemonService" />
109-->JG_Demo\demo\AndroidManifest.xml:99:17-80
109-->JG_Demo\demo\AndroidManifest.xml:99:25-77
110
111                <category android:name="com.hypech.jg_demo" />
111-->JG_Demo\demo\AndroidManifest.xml:59:17-63
111-->JG_Demo\demo\AndroidManifest.xml:59:27-60
112            </intent-filter>
113        </service>
114
115        <!-- Required since JMessage 2.7.0 SDK 核心功能 -->
116        <provider
116-->JG_Demo\demo\AndroidManifest.xml:105:9-108:40
117            android:name="cn.jpush.im.android.helpers.ipc.IMProvider"
117-->JG_Demo\demo\AndroidManifest.xml:106:13-70
118            android:authorities="com.hypech.jg_demo.IMProvider"
118-->JG_Demo\demo\AndroidManifest.xml:107:13-64
119            android:exported="false" />
119-->JG_Demo\demo\AndroidManifest.xml:108:13-37
120
121        <!-- Required. For publish channel feature -->
122        <!-- JPUSH_CHANNEL 是为了方便开发者统计APK分发渠道。 -->
123        <!-- 例如: -->
124        <!-- 发到 Google Play 的APK可以设置为 google-play; -->
125        <!-- 发到其他市场的 APK 可以设置为 xxx-market。 -->
126        <!-- 目前这个渠道统计功能的报表还未开放。 -->
127        <meta-data
127-->JG_Demo\demo\AndroidManifest.xml:116:9-118:49
128            android:name="JPUSH_CHANNEL"
128-->JG_Demo\demo\AndroidManifest.xml:117:13-41
129            android:value="developer-default" />
129-->JG_Demo\demo\AndroidManifest.xml:118:13-46
130        <!-- Required. AppKey copied from Portal -->
131        <meta-data
131-->JG_Demo\demo\AndroidManifest.xml:120:9-122:56
132            android:name="JPUSH_APPKEY"
132-->JG_Demo\demo\AndroidManifest.xml:121:13-40
133            android:value="3721ff62f00bba267d93cb2d" />
133-->JG_Demo\demo\AndroidManifest.xml:122:13-53
134
135        <activity
135-->JG_Demo\demo\AndroidManifest.xml:124:9-132:20
136            android:name="im.sdk.debug.activity.RegisterAndLoginActivity"
136-->JG_Demo\demo\AndroidManifest.xml:125:13-74
137            android:launchMode="singleTask" >
137-->JG_Demo\demo\AndroidManifest.xml:126:13-44
138            <intent-filter>
138-->JG_Demo\demo\AndroidManifest.xml:127:13-131:29
139                <action android:name="android.intent.action.MAIN" />
139-->JG_Demo\demo\AndroidManifest.xml:128:17-69
139-->JG_Demo\demo\AndroidManifest.xml:128:25-66
140
141                <category android:name="android.intent.category.LAUNCHER" />
141-->JG_Demo\demo\AndroidManifest.xml:130:17-77
141-->JG_Demo\demo\AndroidManifest.xml:130:27-74
142            </intent-filter>
143        </activity>
144        <activity android:name="im.sdk.debug.activity.setting.RegisterActivity" />
144-->JG_Demo\demo\AndroidManifest.xml:133:9-83
144-->JG_Demo\demo\AndroidManifest.xml:133:19-80
145        <activity android:name="im.sdk.debug.activity.setting.SettingMainActivity" />
145-->JG_Demo\demo\AndroidManifest.xml:134:9-86
145-->JG_Demo\demo\AndroidManifest.xml:134:19-83
146        <activity
146-->JG_Demo\demo\AndroidManifest.xml:135:9-137:47
147            android:name="im.sdk.debug.activity.TypeActivity"
147-->JG_Demo\demo\AndroidManifest.xml:136:13-62
148            android:launchMode="singleTask" />
148-->JG_Demo\demo\AndroidManifest.xml:137:13-44
149        <activity android:name="im.sdk.debug.activity.setting.InfoActivity" />
149-->JG_Demo\demo\AndroidManifest.xml:138:9-79
149-->JG_Demo\demo\AndroidManifest.xml:138:19-76
150        <activity android:name="im.sdk.debug.activity.setting.AssertEqualsActivity" />
150-->JG_Demo\demo\AndroidManifest.xml:139:9-87
150-->JG_Demo\demo\AndroidManifest.xml:139:19-84
151        <activity android:name="im.sdk.debug.activity.setting.GetUserInfoActivity" />
151-->JG_Demo\demo\AndroidManifest.xml:140:9-86
151-->JG_Demo\demo\AndroidManifest.xml:140:19-83
152        <activity android:name="im.sdk.debug.activity.setting.UpdatePassword" />
152-->JG_Demo\demo\AndroidManifest.xml:141:9-81
152-->JG_Demo\demo\AndroidManifest.xml:141:19-78
153        <activity android:name="im.sdk.debug.activity.setting.UpdateUserInfoActivity" />
153-->JG_Demo\demo\AndroidManifest.xml:142:9-89
153-->JG_Demo\demo\AndroidManifest.xml:142:19-86
154        <activity android:name="im.sdk.debug.activity.createmessage.CreateMessageActivity" />
154-->JG_Demo\demo\AndroidManifest.xml:143:9-94
154-->JG_Demo\demo\AndroidManifest.xml:143:19-91
155        <activity android:name="im.sdk.debug.activity.createmessage.CreateSigTextMessageActivity" />
155-->JG_Demo\demo\AndroidManifest.xml:144:9-101
155-->JG_Demo\demo\AndroidManifest.xml:144:19-98
156        <activity android:name="im.sdk.debug.activity.groupinfo.GroupInfoActivity" />
156-->JG_Demo\demo\AndroidManifest.xml:145:9-86
156-->JG_Demo\demo\AndroidManifest.xml:145:19-83
157        <activity android:name="im.sdk.debug.activity.groupinfo.CreateGroupActivity" />
157-->JG_Demo\demo\AndroidManifest.xml:146:9-88
157-->JG_Demo\demo\AndroidManifest.xml:146:19-85
158        <activity android:name="im.sdk.debug.activity.groupinfo.GetGroupInfoActivity" />
158-->JG_Demo\demo\AndroidManifest.xml:147:9-89
158-->JG_Demo\demo\AndroidManifest.xml:147:19-86
159        <activity android:name="im.sdk.debug.activity.conversation.ConversationActivity" />
159-->JG_Demo\demo\AndroidManifest.xml:148:9-92
159-->JG_Demo\demo\AndroidManifest.xml:148:19-89
160        <activity android:name="im.sdk.debug.activity.groupinfo.AddRemoveGroupMemberActivity" />
160-->JG_Demo\demo\AndroidManifest.xml:149:9-97
160-->JG_Demo\demo\AndroidManifest.xml:149:19-94
161        <activity android:name="im.sdk.debug.activity.groupinfo.UpdateGroupInfoActivity" />
161-->JG_Demo\demo\AndroidManifest.xml:150:9-92
161-->JG_Demo\demo\AndroidManifest.xml:150:19-89
162        <activity android:name="im.sdk.debug.activity.groupinfo.ExitGroupActivity" />
162-->JG_Demo\demo\AndroidManifest.xml:151:9-86
162-->JG_Demo\demo\AndroidManifest.xml:151:19-83
163        <activity android:name="im.sdk.debug.activity.groupinfo.GetLocalGroupMembersActivity" />
163-->JG_Demo\demo\AndroidManifest.xml:152:9-97
163-->JG_Demo\demo\AndroidManifest.xml:152:19-94
164        <activity android:name="im.sdk.debug.activity.createmessage.CreateGroupTextMsgActivity" />
164-->JG_Demo\demo\AndroidManifest.xml:153:9-99
164-->JG_Demo\demo\AndroidManifest.xml:153:19-96
165        <activity android:name="im.sdk.debug.activity.createmessage.CreateSigCustomMsgActivity" />
165-->JG_Demo\demo\AndroidManifest.xml:154:9-99
165-->JG_Demo\demo\AndroidManifest.xml:154:19-96
166        <activity android:name="im.sdk.debug.activity.createmessage.CreateSigImageMessageActivity" />
166-->JG_Demo\demo\AndroidManifest.xml:155:9-102
166-->JG_Demo\demo\AndroidManifest.xml:155:19-99
167        <activity android:name="im.sdk.debug.activity.createmessage.ShowMessageActivity" />
167-->JG_Demo\demo\AndroidManifest.xml:156:9-92
167-->JG_Demo\demo\AndroidManifest.xml:156:19-89
168        <activity android:name="im.sdk.debug.activity.createmessage.CreateGroupImageMsgActivity" />
168-->JG_Demo\demo\AndroidManifest.xml:157:9-100
168-->JG_Demo\demo\AndroidManifest.xml:157:19-97
169        <activity android:name="im.sdk.debug.activity.createmessage.CreateSigVoiceMsgActivity" />
169-->JG_Demo\demo\AndroidManifest.xml:158:9-98
169-->JG_Demo\demo\AndroidManifest.xml:158:19-95
170        <activity android:name="im.sdk.debug.activity.createmessage.CreateGroupCustomMsgActivity" />
170-->JG_Demo\demo\AndroidManifest.xml:159:9-101
170-->JG_Demo\demo\AndroidManifest.xml:159:19-98
171        <activity android:name="im.sdk.debug.activity.createmessage.CreateGroupVoiceMsgActivity" />
171-->JG_Demo\demo\AndroidManifest.xml:160:9-100
171-->JG_Demo\demo\AndroidManifest.xml:160:19-97
172        <activity android:name="im.sdk.debug.activity.notify.NotifyTypeActivity" />
172-->JG_Demo\demo\AndroidManifest.xml:161:9-84
172-->JG_Demo\demo\AndroidManifest.xml:161:19-81
173        <activity android:name="im.sdk.debug.activity.setting.GetBlackListActivity" />
173-->JG_Demo\demo\AndroidManifest.xml:162:9-87
173-->JG_Demo\demo\AndroidManifest.xml:162:19-84
174        <activity android:name="im.sdk.debug.activity.setting.AddRemoveBlackListActivity" />
174-->JG_Demo\demo\AndroidManifest.xml:163:9-93
174-->JG_Demo\demo\AndroidManifest.xml:163:19-90
175        <activity android:name="im.sdk.debug.activity.setting.UpdateUserAvatar" />
175-->JG_Demo\demo\AndroidManifest.xml:164:9-83
175-->JG_Demo\demo\AndroidManifest.xml:164:19-80
176        <activity android:name="im.sdk.debug.activity.setting.UpdateUserExtras" />
176-->JG_Demo\demo\AndroidManifest.xml:165:9-83
176-->JG_Demo\demo\AndroidManifest.xml:165:19-80
177        <activity android:name="im.sdk.debug.activity.messagecontent.SetGetStringExtraActivity" />
177-->JG_Demo\demo\AndroidManifest.xml:166:9-99
177-->JG_Demo\demo\AndroidManifest.xml:166:19-96
178        <activity android:name="im.sdk.debug.activity.messagecontent.SetGetNumberExtraActivity" />
178-->JG_Demo\demo\AndroidManifest.xml:167:9-99
178-->JG_Demo\demo\AndroidManifest.xml:167:19-96
179        <activity android:name="im.sdk.debug.activity.messagecontent.SetGetBooleanExtraActivity" />
179-->JG_Demo\demo\AndroidManifest.xml:168:9-100
179-->JG_Demo\demo\AndroidManifest.xml:168:19-97
180        <activity android:name="im.sdk.debug.activity.messagecontent.SetGetExtraActivity" />
180-->JG_Demo\demo\AndroidManifest.xml:169:9-93
180-->JG_Demo\demo\AndroidManifest.xml:169:19-90
181        <activity android:name="im.sdk.debug.activity.conversation.GetConversationInfoActivity" />
181-->JG_Demo\demo\AndroidManifest.xml:170:9-99
181-->JG_Demo\demo\AndroidManifest.xml:170:19-96
182        <activity android:name="im.sdk.debug.activity.conversation.OrderMessageActivity" />
182-->JG_Demo\demo\AndroidManifest.xml:171:9-92
182-->JG_Demo\demo\AndroidManifest.xml:171:19-89
183        <activity android:name="im.sdk.debug.activity.conversation.IsShowNotifySigActivity" />
183-->JG_Demo\demo\AndroidManifest.xml:172:9-95
183-->JG_Demo\demo\AndroidManifest.xml:172:19-92
184        <activity android:name="im.sdk.debug.activity.conversation.DeleteConversationActivity" />
184-->JG_Demo\demo\AndroidManifest.xml:173:9-98
184-->JG_Demo\demo\AndroidManifest.xml:173:19-95
185        <activity android:name="im.sdk.debug.activity.setting.NoDisturbListActivity" />
185-->JG_Demo\demo\AndroidManifest.xml:174:9-88
185-->JG_Demo\demo\AndroidManifest.xml:174:19-85
186        <activity android:name="im.sdk.debug.activity.setting.ShowLogoutReasonActivity" />
186-->JG_Demo\demo\AndroidManifest.xml:175:9-91
186-->JG_Demo\demo\AndroidManifest.xml:175:19-88
187        <activity android:name="im.sdk.debug.activity.createmessage.CreateSendFileActivity" />
187-->JG_Demo\demo\AndroidManifest.xml:176:9-95
187-->JG_Demo\demo\AndroidManifest.xml:176:19-92
188        <activity android:name="im.sdk.debug.activity.friend.FriendContactManager" />
188-->JG_Demo\demo\AndroidManifest.xml:177:9-86
188-->JG_Demo\demo\AndroidManifest.xml:177:19-83
189        <activity android:name="im.sdk.debug.activity.friend.AddFriendActivity" />
189-->JG_Demo\demo\AndroidManifest.xml:178:9-83
189-->JG_Demo\demo\AndroidManifest.xml:178:19-80
190        <activity android:name="im.sdk.debug.activity.friend.ShowFriendReasonActivity" />
190-->JG_Demo\demo\AndroidManifest.xml:179:9-90
190-->JG_Demo\demo\AndroidManifest.xml:179:19-87
191        <activity android:name="im.sdk.debug.activity.createmessage.CreateLocationMessageActivity" />
191-->JG_Demo\demo\AndroidManifest.xml:180:9-102
191-->JG_Demo\demo\AndroidManifest.xml:180:19-99
192        <activity android:name="im.sdk.debug.activity.groupinfo.BlockedGroupMsgActivity" />
192-->JG_Demo\demo\AndroidManifest.xml:181:9-92
192-->JG_Demo\demo\AndroidManifest.xml:181:19-89
193        <activity android:name="im.sdk.debug.activity.showinfo.ShowMyInfoUpdateActivity" />
193-->JG_Demo\demo\AndroidManifest.xml:182:9-92
193-->JG_Demo\demo\AndroidManifest.xml:182:19-89
194        <activity android:name="im.sdk.debug.activity.conversation.RetractMessageActivity" />
194-->JG_Demo\demo\AndroidManifest.xml:183:9-94
194-->JG_Demo\demo\AndroidManifest.xml:183:19-91
195        <activity android:name="im.sdk.debug.activity.conversation.ForwardMessageActivity" />
195-->JG_Demo\demo\AndroidManifest.xml:184:9-94
195-->JG_Demo\demo\AndroidManifest.xml:184:19-91
196        <activity android:name="im.sdk.debug.activity.conversation.MessageReceiptActivity" />
196-->JG_Demo\demo\AndroidManifest.xml:185:9-94
196-->JG_Demo\demo\AndroidManifest.xml:185:19-91
197        <activity android:name="im.sdk.debug.activity.createmessage.CreateTransCommandActivity" />
197-->JG_Demo\demo\AndroidManifest.xml:186:9-99
197-->JG_Demo\demo\AndroidManifest.xml:186:19-96
198        <activity android:name="im.sdk.debug.activity.createmessage.ShowTransCommandActivity" />
198-->JG_Demo\demo\AndroidManifest.xml:187:9-97
198-->JG_Demo\demo\AndroidManifest.xml:187:19-94
199        <activity android:name="im.sdk.debug.activity.chatroom.ChatRoomActivity" />
199-->JG_Demo\demo\AndroidManifest.xml:188:9-84
199-->JG_Demo\demo\AndroidManifest.xml:188:19-81
200        <activity android:name="im.sdk.debug.activity.groupinfo.ApplyJoinGroupActivity" />
200-->JG_Demo\demo\AndroidManifest.xml:189:9-91
200-->JG_Demo\demo\AndroidManifest.xml:189:19-88
201        <activity android:name="im.sdk.debug.activity.groupinfo.ShowGroupApprovalActivity" />
201-->JG_Demo\demo\AndroidManifest.xml:190:9-94
201-->JG_Demo\demo\AndroidManifest.xml:190:19-91
202        <activity android:name="im.sdk.debug.activity.groupinfo.SetGroupMemSilenceActivity" />
202-->JG_Demo\demo\AndroidManifest.xml:191:9-95
202-->JG_Demo\demo\AndroidManifest.xml:191:19-92
203        <activity android:name="im.sdk.debug.activity.groupinfo.GetPublicGroupInfosActivity" />
203-->JG_Demo\demo\AndroidManifest.xml:192:9-96
203-->JG_Demo\demo\AndroidManifest.xml:192:19-93
204        <activity android:name="im.sdk.debug.activity.groupinfo.GroupKeeperActivity" />
204-->JG_Demo\demo\AndroidManifest.xml:193:9-88
204-->JG_Demo\demo\AndroidManifest.xml:193:19-85
205        <activity android:name="im.sdk.debug.activity.groupinfo.DissolveGroupActivity" />
205-->JG_Demo\demo\AndroidManifest.xml:194:9-90
205-->JG_Demo\demo\AndroidManifest.xml:194:19-87
206        <activity android:name="im.sdk.debug.activity.groupinfo.ChangeGroupAdminActivity" />
206-->JG_Demo\demo\AndroidManifest.xml:195:9-93
206-->JG_Demo\demo\AndroidManifest.xml:195:19-90
207        <activity android:name="im.sdk.debug.activity.jmrtc.JMRTCActivity" />
207-->JG_Demo\demo\AndroidManifest.xml:196:9-77
207-->JG_Demo\demo\AndroidManifest.xml:196:19-75
208        <activity android:name="im.sdk.debug.activity.createmessage.CreateVideoMsgActivity" />
208-->JG_Demo\demo\AndroidManifest.xml:197:9-95
208-->JG_Demo\demo\AndroidManifest.xml:197:19-92
209        <activity android:name="im.sdk.debug.activity.groupinfo.HandleGroupApprovalInBatchActivity" />
209-->JG_Demo\demo\AndroidManifest.xml:198:9-103
209-->JG_Demo\demo\AndroidManifest.xml:198:19-100
210        <activity android:name="im.sdk.debug.activity.groupinfo.GroupMemNicknameActivity" />
210-->JG_Demo\demo\AndroidManifest.xml:199:9-93
210-->JG_Demo\demo\AndroidManifest.xml:199:19-90
211        <activity android:name="im.sdk.debug.activity.groupinfo.ShowMemNicknameChangedActivity" />
211-->JG_Demo\demo\AndroidManifest.xml:200:9-99
211-->JG_Demo\demo\AndroidManifest.xml:200:19-96
212        <activity android:name="im.sdk.debug.activity.groupinfo.GroupAnnouncementActivity" />
212-->JG_Demo\demo\AndroidManifest.xml:201:9-94
212-->JG_Demo\demo\AndroidManifest.xml:201:19-91
213        <activity
213-->JG_Demo\demo\AndroidManifest.xml:202:9-204:47
214            android:name="im.sdk.debug.activity.showinfo.ShowAnnouncementChangedActivity"
214-->JG_Demo\demo\AndroidManifest.xml:203:13-90
215            android:launchMode="singleTask" />
215-->JG_Demo\demo\AndroidManifest.xml:204:13-44
216        <activity android:name="im.sdk.debug.activity.groupinfo.GroupBlackListActivity" />
216-->JG_Demo\demo\AndroidManifest.xml:205:9-91
216-->JG_Demo\demo\AndroidManifest.xml:205:19-88
217        <activity
217-->JG_Demo\demo\AndroidManifest.xml:206:9-208:47
218            android:name="im.sdk.debug.activity.showinfo.ShowGroupBlcakListChangedActivity"
218-->JG_Demo\demo\AndroidManifest.xml:207:13-92
219            android:launchMode="singleTask" />
219-->JG_Demo\demo\AndroidManifest.xml:208:13-44
220        <activity android:name="im.sdk.debug.activity.showinfo.ShowChatRoomNotificationActivity" />
220-->JG_Demo\demo\AndroidManifest.xml:209:9-100
220-->JG_Demo\demo\AndroidManifest.xml:209:19-97
221    </application>
222
223</manifest>